2025-12-28 20:58:04,042 [Worker-4: Loading available Gradle versions] INFO  c.g.t.t.d.PublishedGradleVersions - Gradle version information cache is up-to-date. Trying to read.
2025-12-28 21:04:09,100 [Worker-16: Enabling Maven Dependency Management] INFO  o.e.m.c.i.l.LifecycleMappingFactory - Using org.maven.ide.eclipse.wtp.WarLifecycleMapping lifecycle mapping for MavenProject: projetRest:projetRest:0.0.1-SNAPSHOT @ C:\Users\MSI\Desktop\info\projet soa\workspaceProjetRest\projetRest\pom.xml.
2025-12-28 21:04:13,794 [Worker-18: Building workspace] WARN  o.e.m.c.i.embedder.EclipseLogger - Using platform encoding (Cp1252 actually) to copy filtered resources, i.e. build is platform dependent!
2025-12-28 21:04:13,795 [Worker-18: Building workspace] INFO  o.e.m.c.i.embedder.EclipseLogger - skip non existing resourceDirectory C:\Users\MSI\Desktop\info\projet soa\workspaceProjetRest\projetRest\src\main\resources
2025-12-28 21:04:13,800 [Worker-18: Building workspace] WARN  o.e.m.c.i.embedder.EclipseLogger - Using platform encoding (Cp1252 actually) to copy filtered resources, i.e. build is platform dependent!
2025-12-28 21:04:13,800 [Worker-18: Building workspace] INFO  o.e.m.c.i.embedder.EclipseLogger - skip non existing resourceDirectory C:\Users\MSI\Desktop\info\projet soa\workspaceProjetRest\projetRest\src\test\resources
2025-12-28 21:04:13,814 [Worker-16: Enabling Maven Dependency Management] INFO  o.e.m.j.i.AbstractJavaProjectConfigurator - Adding source folder /projetRest/src
2025-12-28 21:04:13,814 [Worker-16: Enabling Maven Dependency Management] INFO  o.e.m.j.i.AbstractJavaProjectConfigurator - Not adding source folder /projetRest/src/test/java because it overlaps with /projetRest/src
2025-12-28 21:04:14,032 [Worker-16: Enabling Maven Dependency Management] INFO  o.e.m.c.i.p.ProjectConfigurationManager - Update started
2025-12-28 21:04:14,212 [Worker-16: Enabling Maven Dependency Management] INFO  o.e.m.c.i.l.LifecycleMappingFactory - Using org.maven.ide.eclipse.wtp.WarLifecycleMapping lifecycle mapping for MavenProject: projetRest:projetRest:0.0.1-SNAPSHOT @ C:\Users\MSI\Desktop\info\projet soa\workspaceProjetRest\projetRest\pom.xml.
2025-12-28 21:04:14,569 [Worker-16: Enabling Maven Dependency Management] INFO  o.e.m.j.i.AbstractJavaProjectConfigurator - Adding source folder /projetRest/src
2025-12-28 21:04:14,570 [Worker-16: Enabling Maven Dependency Management] INFO  o.e.m.j.i.AbstractJavaProjectConfigurator - Not adding source folder /projetRest/src/test/java because it overlaps with /projetRest/src
2025-12-28 21:04:14,643 [Worker-16: Enabling Maven Dependency Management] INFO  o.e.m.w.i.f.ResourceFilteringBuildParticipant - Cleaning filtered folder for projetRest
2025-12-28 21:04:14,668 [Worker-16: Enabling Maven Dependency Management] INFO  o.e.m.c.i.p.ProjectConfigurationManager - Update completed: 0 sec
2025-12-28 21:04:14,855 [Worker-16: Building workspace] WARN  o.e.m.c.i.embedder.EclipseLogger - Using platform encoding (Cp1252 actually) to copy filtered resources, i.e. build is platform dependent!
2025-12-28 21:04:14,856 [Worker-16: Building workspace] INFO  o.e.m.c.i.embedder.EclipseLogger - skip non existing resourceDirectory C:\Users\MSI\Desktop\info\projet soa\workspaceProjetRest\projetRest\src\main\resources
2025-12-28 21:04:14,857 [Worker-16: Building workspace] WARN  o.e.m.c.i.embedder.EclipseLogger - Using platform encoding (Cp1252 actually) to copy filtered resources, i.e. build is platform dependent!
2025-12-28 21:04:14,858 [Worker-16: Building workspace] INFO  o.e.m.c.i.embedder.EclipseLogger - skip non existing resourceDirectory C:\Users\MSI\Desktop\info\projet soa\workspaceProjetRest\projetRest\src\test\resources
2025-12-28 21:04:14,858 [Worker-16: Building workspace] INFO  o.e.m.w.i.f.ResourceFilteringBuildParticipant - Changed resources require a complete clean of filtered resources of projetRest
2025-12-28 21:04:14,859 [Worker-16: Building workspace] INFO  o.e.m.w.i.f.ResourceFilteringBuildParticipant - Executing resource filtering for projetRest
2025-12-28 21:04:14,861 [Worker-16: Building workspace] WARN  o.e.m.c.i.embedder.EclipseLogger - The POM for org.apache.maven.plugins:maven-clean-plugin:jar:2.5 is missing, no dependency information available
2025-12-28 21:04:14,865 [Worker-16: Building workspace] WARN  o.e.m.c.i.embedder.EclipseLogger - Using platform encoding (Cp1252 actually) to copy filtered resources, i.e. build is platform dependent!
2025-12-28 21:05:36,392 [Worker-17: Building workspace] INFO  o.e.m.c.i.l.LifecycleMappingFactory - Using org.maven.ide.eclipse.wtp.WarLifecycleMapping lifecycle mapping for MavenProject: tp_revision:tp_revision:0.0.1-SNAPSHOT @ C:\Users\MSI\Desktop\info\projet soa\workspaceProjetRest\projetRest\pom.xml.
2025-12-28 21:05:39,279 [Worker-17: Building workspace] WARN  o.e.m.c.i.embedder.EclipseLogger - Using platform encoding (Cp1252 actually) to copy filtered resources, i.e. build is platform dependent!
2025-12-28 21:05:39,279 [Worker-17: Building workspace] INFO  o.e.m.c.i.embedder.EclipseLogger - skip non existing resourceDirectory C:\Users\MSI\Desktop\info\projet soa\workspaceProjetRest\projetRest\src\main\resources
2025-12-28 21:05:39,280 [Worker-17: Building workspace] WARN  o.e.m.c.i.embedder.EclipseLogger - Using platform encoding (Cp1252 actually) to copy filtered resources, i.e. build is platform dependent!
2025-12-28 21:05:39,280 [Worker-17: Building workspace] INFO  o.e.m.c.i.embedder.EclipseLogger - skip non existing resourceDirectory C:\Users\MSI\Desktop\info\projet soa\workspaceProjetRest\projetRest\src\test\resources
2025-12-28 21:05:39,281 [Worker-17: Building workspace] INFO  o.e.m.w.i.f.ResourceFilteringBuildParticipant - Changed resources require a complete clean of filtered resources of projetRest
2025-12-28 21:05:39,281 [Worker-17: Building workspace] INFO  o.e.m.w.i.f.ResourceFilteringBuildParticipant - Executing resource filtering for projetRest
2025-12-28 21:05:39,283 [Worker-17: Building workspace] WARN  o.e.m.c.i.embedder.EclipseLogger - Using platform encoding (Cp1252 actually) to copy filtered resources, i.e. build is platform dependent!
2025-12-28 21:06:51,618 [Worker-20: Building workspace] WARN  o.e.m.c.i.embedder.EclipseLogger - Using platform encoding (Cp1252 actually) to copy filtered resources, i.e. build is platform dependent!
2025-12-28 21:06:51,619 [Worker-20: Building workspace] INFO  o.e.m.c.i.embedder.EclipseLogger - skip non existing resourceDirectory C:\Users\MSI\Desktop\info\projet soa\workspaceProjetRest\projetRest\src\main\resources
2025-12-28 21:06:51,620 [Worker-20: Building workspace] WARN  o.e.m.c.i.embedder.EclipseLogger - Using platform encoding (Cp1252 actually) to copy filtered resources, i.e. build is platform dependent!
2025-12-28 21:06:51,620 [Worker-20: Building workspace] INFO  o.e.m.c.i.embedder.EclipseLogger - skip non existing resourceDirectory C:\Users\MSI\Desktop\info\projet soa\workspaceProjetRest\projetRest\src\test\resources
2025-12-28 21:09:55,309 [Worker-14: Enabling Maven Dependency Management] INFO  o.e.m.c.i.l.LifecycleMappingFactory - Using org.maven.ide.eclipse.wtp.WarLifecycleMapping lifecycle mapping for MavenProject: ProjetRest:ProjetRest:0.0.1-SNAPSHOT @ C:\Users\MSI\Desktop\info\projet soa\workspaceProjetRest\ProjetRest\pom.xml.
2025-12-28 21:09:55,668 [Worker-14: Enabling Maven Dependency Management] INFO  o.e.m.j.i.AbstractJavaProjectConfigurator - Adding source folder /ProjetRest/src
2025-12-28 21:09:55,668 [Worker-14: Enabling Maven Dependency Management] INFO  o.e.m.j.i.AbstractJavaProjectConfigurator - Not adding source folder /ProjetRest/src/test/java because it overlaps with /ProjetRest/src
2025-12-28 21:09:55,778 [Worker-14: Enabling Maven Dependency Management] INFO  o.e.m.c.i.p.ProjectConfigurationManager - Update started
2025-12-28 21:09:55,892 [Worker-14: Enabling Maven Dependency Management] INFO  o.e.m.c.i.l.LifecycleMappingFactory - Using org.maven.ide.eclipse.wtp.WarLifecycleMapping lifecycle mapping for MavenProject: ProjetRest:ProjetRest:0.0.1-SNAPSHOT @ C:\Users\MSI\Desktop\info\projet soa\workspaceProjetRest\ProjetRest\pom.xml.
2025-12-28 21:09:56,139 [Worker-14: Enabling Maven Dependency Management] INFO  o.e.m.j.i.AbstractJavaProjectConfigurator - Adding source folder /ProjetRest/src
2025-12-28 21:09:56,140 [Worker-14: Enabling Maven Dependency Management] INFO  o.e.m.j.i.AbstractJavaProjectConfigurator - Not adding source folder /ProjetRest/src/test/java because it overlaps with /ProjetRest/src
2025-12-28 21:09:56,201 [Worker-14: Enabling Maven Dependency Management] INFO  o.e.m.w.i.f.ResourceFilteringBuildParticipant - Cleaning filtered folder for ProjetRest
2025-12-28 21:09:56,215 [Worker-14: Enabling Maven Dependency Management] INFO  o.e.m.c.i.p.ProjectConfigurationManager - Update completed: 0 sec
2025-12-28 21:09:56,442 [Worker-23: Building workspace] WARN  o.e.m.c.i.embedder.EclipseLogger - Using platform encoding (Cp1252 actually) to copy filtered resources, i.e. build is platform dependent!
2025-12-28 21:09:56,443 [Worker-23: Building workspace] INFO  o.e.m.c.i.embedder.EclipseLogger - skip non existing resourceDirectory C:\Users\MSI\Desktop\info\projet soa\workspaceProjetRest\ProjetRest\src\main\resources
2025-12-28 21:09:56,444 [Worker-23: Building workspace] WARN  o.e.m.c.i.embedder.EclipseLogger - Using platform encoding (Cp1252 actually) to copy filtered resources, i.e. build is platform dependent!
2025-12-28 21:09:56,445 [Worker-23: Building workspace] INFO  o.e.m.c.i.embedder.EclipseLogger - skip non existing resourceDirectory C:\Users\MSI\Desktop\info\projet soa\workspaceProjetRest\ProjetRest\src\test\resources
2025-12-28 21:09:56,445 [Worker-23: Building workspace] INFO  o.e.m.w.i.f.ResourceFilteringBuildParticipant - Changed resources require a complete clean of filtered resources of ProjetRest
2025-12-28 21:09:56,445 [Worker-23: Building workspace] INFO  o.e.m.w.i.f.ResourceFilteringBuildParticipant - Executing resource filtering for ProjetRest
2025-12-28 21:09:56,448 [Worker-23: Building workspace] WARN  o.e.m.c.i.embedder.EclipseLogger - Using platform encoding (Cp1252 actually) to copy filtered resources, i.e. build is platform dependent!
2025-12-28 21:10:12,310 [Worker-23: Building workspace] WARN  o.e.m.c.i.embedder.EclipseLogger - Using platform encoding (Cp1252 actually) to copy filtered resources, i.e. build is platform dependent!
2025-12-28 21:10:12,310 [Worker-23: Building workspace] INFO  o.e.m.c.i.embedder.EclipseLogger - skip non existing resourceDirectory C:\Users\MSI\Desktop\info\projet soa\workspaceProjetRest\ProjetRest\src\main\resources
2025-12-28 21:10:12,311 [Worker-23: Building workspace] WARN  o.e.m.c.i.embedder.EclipseLogger - Using platform encoding (Cp1252 actually) to copy filtered resources, i.e. build is platform dependent!
2025-12-28 21:10:12,311 [Worker-23: Building workspace] INFO  o.e.m.c.i.embedder.EclipseLogger - skip non existing resourceDirectory C:\Users\MSI\Desktop\info\projet soa\workspaceProjetRest\ProjetRest\src\test\resources
2025-12-28 21:11:05,282 [Worker-22: Enabling Maven Dependency Management] INFO  o.e.m.c.i.l.LifecycleMappingFactory - Using org.maven.ide.eclipse.wtp.WarLifecycleMapping lifecycle mapping for MavenProject: ProjetSoaRest:ProjetSoaRest:0.0.1-SNAPSHOT @ C:\Users\MSI\Desktop\info\projet soa\workspaceProjetRest\ProjetSoaRest\pom.xml.
2025-12-28 21:11:05,636 [Worker-22: Enabling Maven Dependency Management] INFO  o.e.m.j.i.AbstractJavaProjectConfigurator - Adding source folder /ProjetSoaRest/src
2025-12-28 21:11:05,636 [Worker-22: Enabling Maven Dependency Management] INFO  o.e.m.j.i.AbstractJavaProjectConfigurator - Not adding source folder /ProjetSoaRest/src/test/java because it overlaps with /ProjetSoaRest/src
2025-12-28 21:11:05,716 [Worker-22: Enabling Maven Dependency Management] INFO  o.e.m.c.i.p.ProjectConfigurationManager - Update started
2025-12-28 21:11:05,822 [Worker-22: Enabling Maven Dependency Management] INFO  o.e.m.c.i.l.LifecycleMappingFactory - Using org.maven.ide.eclipse.wtp.WarLifecycleMapping lifecycle mapping for MavenProject: ProjetSoaRest:ProjetSoaRest:0.0.1-SNAPSHOT @ C:\Users\MSI\Desktop\info\projet soa\workspaceProjetRest\ProjetSoaRest\pom.xml.
2025-12-28 21:11:06,097 [Worker-22: Enabling Maven Dependency Management] INFO  o.e.m.j.i.AbstractJavaProjectConfigurator - Adding source folder /ProjetSoaRest/src
2025-12-28 21:11:06,097 [Worker-22: Enabling Maven Dependency Management] INFO  o.e.m.j.i.AbstractJavaProjectConfigurator - Not adding source folder /ProjetSoaRest/src/test/java because it overlaps with /ProjetSoaRest/src
2025-12-28 21:11:06,162 [Worker-22: Enabling Maven Dependency Management] INFO  o.e.m.w.i.f.ResourceFilteringBuildParticipant - Cleaning filtered folder for ProjetSoaRest
2025-12-28 21:11:06,177 [Worker-22: Enabling Maven Dependency Management] INFO  o.e.m.c.i.p.ProjectConfigurationManager - Update completed: 0 sec
2025-12-28 21:11:06,294 [Worker-19: Building workspace] WARN  o.e.m.c.i.embedder.EclipseLogger - Using platform encoding (Cp1252 actually) to copy filtered resources, i.e. build is platform dependent!
2025-12-28 21:11:06,295 [Worker-19: Building workspace] INFO  o.e.m.c.i.embedder.EclipseLogger - skip non existing resourceDirectory C:\Users\MSI\Desktop\info\projet soa\workspaceProjetRest\ProjetSoaRest\src\main\resources
2025-12-28 21:11:06,296 [Worker-19: Building workspace] WARN  o.e.m.c.i.embedder.EclipseLogger - Using platform encoding (Cp1252 actually) to copy filtered resources, i.e. build is platform dependent!
2025-12-28 21:11:06,296 [Worker-19: Building workspace] INFO  o.e.m.c.i.embedder.EclipseLogger - skip non existing resourceDirectory C:\Users\MSI\Desktop\info\projet soa\workspaceProjetRest\ProjetSoaRest\src\test\resources
2025-12-28 21:11:06,296 [Worker-19: Building workspace] INFO  o.e.m.w.i.f.ResourceFilteringBuildParticipant - Changed resources require a complete clean of filtered resources of ProjetSoaRest
2025-12-28 21:11:06,296 [Worker-19: Building workspace] INFO  o.e.m.w.i.f.ResourceFilteringBuildParticipant - Executing resource filtering for ProjetSoaRest
2025-12-28 21:11:06,299 [Worker-19: Building workspace] WARN  o.e.m.c.i.embedder.EclipseLogger - Using platform encoding (Cp1252 actually) to copy filtered resources, i.e. build is platform dependent!
2025-12-28 21:11:16,309 [Worker-19: Building workspace] WARN  o.e.m.c.i.embedder.EclipseLogger - Using platform encoding (Cp1252 actually) to copy filtered resources, i.e. build is platform dependent!
2025-12-28 21:11:16,310 [Worker-19: Building workspace] INFO  o.e.m.c.i.embedder.EclipseLogger - skip non existing resourceDirectory C:\Users\MSI\Desktop\info\projet soa\workspaceProjetRest\ProjetSoaRest\src\main\resources
2025-12-28 21:11:16,310 [Worker-19: Building workspace] WARN  o.e.m.c.i.embedder.EclipseLogger - Using platform encoding (Cp1252 actually) to copy filtered resources, i.e. build is platform dependent!
2025-12-28 21:11:16,310 [Worker-19: Building workspace] INFO  o.e.m.c.i.embedder.EclipseLogger - skip non existing resourceDirectory C:\Users\MSI\Desktop\info\projet soa\workspaceProjetRest\ProjetSoaRest\src\test\resources
2025-12-28 21:12:01,508 [Worker-14: Building workspace] INFO  o.e.m.c.i.l.LifecycleMappingFactory - Using org.maven.ide.eclipse.wtp.WarLifecycleMapping lifecycle mapping for MavenProject: tp_revision:tp_revision:0.0.1-SNAPSHOT @ C:\Users\MSI\Desktop\info\projet soa\workspaceProjetRest\ProjetSoaRest\pom.xml.
2025-12-28 21:12:01,861 [Worker-14: Building workspace] WARN  o.e.m.c.i.embedder.EclipseLogger - Using platform encoding (Cp1252 actually) to copy filtered resources, i.e. build is platform dependent!
2025-12-28 21:12:01,861 [Worker-14: Building workspace] INFO  o.e.m.c.i.embedder.EclipseLogger - skip non existing resourceDirectory C:\Users\MSI\Desktop\info\projet soa\workspaceProjetRest\ProjetSoaRest\src\main\resources
2025-12-28 21:12:01,862 [Worker-14: Building workspace] WARN  o.e.m.c.i.embedder.EclipseLogger - Using platform encoding (Cp1252 actually) to copy filtered resources, i.e. build is platform dependent!
2025-12-28 21:12:01,863 [Worker-14: Building workspace] INFO  o.e.m.c.i.embedder.EclipseLogger - skip non existing resourceDirectory C:\Users\MSI\Desktop\info\projet soa\workspaceProjetRest\ProjetSoaRest\src\test\resources
2025-12-28 21:12:01,863 [Worker-14: Building workspace] INFO  o.e.m.w.i.f.ResourceFilteringBuildParticipant - Changed resources require a complete clean of filtered resources of ProjetSoaRest
2025-12-28 21:12:01,863 [Worker-14: Building workspace] INFO  o.e.m.w.i.f.ResourceFilteringBuildParticipant - Executing resource filtering for ProjetSoaRest
2025-12-28 21:12:01,864 [Worker-14: Building workspace] WARN  o.e.m.c.i.embedder.EclipseLogger - Using platform encoding (Cp1252 actually) to copy filtered resources, i.e. build is platform dependent!
2025-12-28 21:12:03,024 [Worker-19: Building workspace] WARN  o.e.m.c.i.embedder.EclipseLogger - Using platform encoding (Cp1252 actually) to copy filtered resources, i.e. build is platform dependent!
2025-12-28 21:12:03,025 [Worker-19: Building workspace] INFO  o.e.m.c.i.embedder.EclipseLogger - skip non existing resourceDirectory C:\Users\MSI\Desktop\info\projet soa\workspaceProjetRest\ProjetSoaRest\src\main\resources
2025-12-28 21:12:03,026 [Worker-19: Building workspace] WARN  o.e.m.c.i.embedder.EclipseLogger - Using platform encoding (Cp1252 actually) to copy filtered resources, i.e. build is platform dependent!
2025-12-28 21:12:03,026 [Worker-19: Building workspace] INFO  o.e.m.c.i.embedder.EclipseLogger - skip non existing resourceDirectory C:\Users\MSI\Desktop\info\projet soa\workspaceProjetRest\ProjetSoaRest\src\test\resources
2025-12-28 21:12:55,095 [Worker-20: Updating Maven Project] INFO  o.e.m.c.i.p.ProjectConfigurationManager - Update started
2025-12-28 21:12:55,228 [Worker-20: Updating Maven Project] INFO  o.e.m.c.i.l.LifecycleMappingFactory - Using org.maven.ide.eclipse.wtp.WarLifecycleMapping lifecycle mapping for MavenProject: tp_revision:tp_revision:0.0.1-SNAPSHOT @ C:\Users\MSI\Desktop\info\projet soa\workspaceProjetRest\ProjetSoaRest\pom.xml.
2025-12-28 21:12:55,550 [Worker-20: Updating Maven Project] INFO  o.e.m.j.i.AbstractJavaProjectConfigurator - Adding source folder /ProjetSoaRest/src
2025-12-28 21:12:55,551 [Worker-20: Updating Maven Project] INFO  o.e.m.j.i.AbstractJavaProjectConfigurator - Not adding source folder /ProjetSoaRest/src/test/java because it overlaps with /ProjetSoaRest/src
2025-12-28 21:12:55,771 [Worker-20: Updating Maven Project] INFO  o.e.m.w.i.f.ResourceFilteringBuildParticipant - Cleaning filtered folder for ProjetSoaRest
2025-12-28 21:12:55,797 [Worker-20: Updating Maven Project] INFO  o.e.m.c.i.p.ProjectConfigurationManager - Update completed: 0 sec
2025-12-28 21:12:55,992 [Worker-19: Building workspace] WARN  o.e.m.c.i.embedder.EclipseLogger - Using platform encoding (Cp1252 actually) to copy filtered resources, i.e. build is platform dependent!
2025-12-28 21:12:55,993 [Worker-19: Building workspace] INFO  o.e.m.c.i.embedder.EclipseLogger - skip non existing resourceDirectory C:\Users\MSI\Desktop\info\projet soa\workspaceProjetRest\ProjetSoaRest\src\main\resources
2025-12-28 21:12:55,994 [Worker-19: Building workspace] WARN  o.e.m.c.i.embedder.EclipseLogger - Using platform encoding (Cp1252 actually) to copy filtered resources, i.e. build is platform dependent!
2025-12-28 21:12:55,994 [Worker-19: Building workspace] INFO  o.e.m.c.i.embedder.EclipseLogger - skip non existing resourceDirectory C:\Users\MSI\Desktop\info\projet soa\workspaceProjetRest\ProjetSoaRest\src\test\resources
2025-12-28 21:12:55,995 [Worker-19: Building workspace] INFO  o.e.m.w.i.f.ResourceFilteringBuildParticipant - Changed resources require a complete clean of filtered resources of ProjetSoaRest
2025-12-28 21:12:55,995 [Worker-19: Building workspace] INFO  o.e.m.w.i.f.ResourceFilteringBuildParticipant - Executing resource filtering for ProjetSoaRest
2025-12-28 21:12:55,997 [Worker-19: Building workspace] WARN  o.e.m.c.i.embedder.EclipseLogger - Using platform encoding (Cp1252 actually) to copy filtered resources, i.e. build is platform dependent!
2025-12-28 21:14:56,869 [Worker-20: Building workspace] WARN  o.e.m.c.i.embedder.EclipseLogger - Using platform encoding (Cp1252 actually) to copy filtered resources, i.e. build is platform dependent!
2025-12-28 21:14:56,871 [Worker-20: Building workspace] INFO  o.e.m.c.i.embedder.EclipseLogger - skip non existing resourceDirectory C:\Users\MSI\Desktop\info\projet soa\workspaceProjetRest\ProjetSoaRest\src\main\resources
2025-12-28 21:14:56,872 [Worker-20: Building workspace] WARN  o.e.m.c.i.embedder.EclipseLogger - Using platform encoding (Cp1252 actually) to copy filtered resources, i.e. build is platform dependent!
2025-12-28 21:14:56,872 [Worker-20: Building workspace] INFO  o.e.m.c.i.embedder.EclipseLogger - skip non existing resourceDirectory C:\Users\MSI\Desktop\info\projet soa\workspaceProjetRest\ProjetSoaRest\src\test\resources
2025-12-29 08:31:24,696 [Worker-0: Loading available Gradle versions] INFO  c.g.t.t.d.PublishedGradleVersions - Gradle version information cache is out-of-date. Trying to update.
2025-12-29 08:31:30,774 [Worker-12: Building workspace] WARN  o.e.m.c.i.embedder.EclipseLogger - Using platform encoding (Cp1252 actually) to copy filtered resources, i.e. build is platform dependent!
2025-12-29 08:31:30,775 [Worker-12: Building workspace] INFO  o.e.m.c.i.embedder.EclipseLogger - skip non existing resourceDirectory C:\Users\MSI\Desktop\info\projet soa\workspaceProjetRest\ProjetSoaRest\src\main\resources
2025-12-29 08:31:30,778 [Worker-12: Building workspace] WARN  o.e.m.c.i.embedder.EclipseLogger - Using platform encoding (Cp1252 actually) to copy filtered resources, i.e. build is platform dependent!
2025-12-29 08:31:30,779 [Worker-12: Building workspace] INFO  o.e.m.c.i.embedder.EclipseLogger - skip non existing resourceDirectory C:\Users\MSI\Desktop\info\projet soa\workspaceProjetRest\ProjetSoaRest\src\test\resources
2025-12-29 08:39:48,783 [Worker-18: Building workspace] WARN  o.e.m.c.i.embedder.EclipseLogger - Using platform encoding (Cp1252 actually) to copy filtered resources, i.e. build is platform dependent!
2025-12-29 08:39:48,784 [Worker-18: Building workspace] INFO  o.e.m.c.i.embedder.EclipseLogger - skip non existing resourceDirectory C:\Users\MSI\Desktop\info\projet soa\workspaceProjetRest\ProjetSoaRest\src\main\resources
2025-12-29 08:39:48,784 [Worker-18: Building workspace] WARN  o.e.m.c.i.embedder.EclipseLogger - Using platform encoding (Cp1252 actually) to copy filtered resources, i.e. build is platform dependent!
2025-12-29 08:39:48,785 [Worker-18: Building workspace] INFO  o.e.m.c.i.embedder.EclipseLogger - skip non existing resourceDirectory C:\Users\MSI\Desktop\info\projet soa\workspaceProjetRest\ProjetSoaRest\src\test\resources
2025-12-29 08:41:00,715 [Worker-21: Building workspace] WARN  o.e.m.c.i.embedder.EclipseLogger - Using platform encoding (Cp1252 actually) to copy filtered resources, i.e. build is platform dependent!
2025-12-29 08:41:00,720 [Worker-21: Building workspace] INFO  o.e.m.c.i.embedder.EclipseLogger - skip non existing resourceDirectory C:\Users\MSI\Desktop\info\projet soa\workspaceProjetRest\ProjetSoaRest\src\main\resources
2025-12-29 08:41:00,721 [Worker-21: Building workspace] WARN  o.e.m.c.i.embedder.EclipseLogger - Using platform encoding (Cp1252 actually) to copy filtered resources, i.e. build is platform dependent!
2025-12-29 08:41:00,722 [Worker-21: Building workspace] INFO  o.e.m.c.i.embedder.EclipseLogger - skip non existing resourceDirectory C:\Users\MSI\Desktop\info\projet soa\workspaceProjetRest\ProjetSoaRest\src\test\resources
2025-12-29 08:41:13,593 [Worker-7: Building workspace] WARN  o.e.m.c.i.embedder.EclipseLogger - Using platform encoding (Cp1252 actually) to copy filtered resources, i.e. build is platform dependent!
2025-12-29 08:41:13,593 [Worker-7: Building workspace] INFO  o.e.m.c.i.embedder.EclipseLogger - skip non existing resourceDirectory C:\Users\MSI\Desktop\info\projet soa\workspaceProjetRest\ProjetSoaRest\src\main\resources
2025-12-29 08:41:13,594 [Worker-7: Building workspace] WARN  o.e.m.c.i.embedder.EclipseLogger - Using platform encoding (Cp1252 actually) to copy filtered resources, i.e. build is platform dependent!
2025-12-29 08:41:13,594 [Worker-7: Building workspace] INFO  o.e.m.c.i.embedder.EclipseLogger - skip non existing resourceDirectory C:\Users\MSI\Desktop\info\projet soa\workspaceProjetRest\ProjetSoaRest\src\test\resources
2025-12-29 08:41:53,358 [Worker-21: Building workspace] WARN  o.e.m.c.i.embedder.EclipseLogger - Using platform encoding (Cp1252 actually) to copy filtered resources, i.e. build is platform dependent!
2025-12-29 08:41:53,359 [Worker-21: Building workspace] INFO  o.e.m.c.i.embedder.EclipseLogger - skip non existing resourceDirectory C:\Users\MSI\Desktop\info\projet soa\workspaceProjetRest\ProjetSoaRest\src\main\resources
2025-12-29 08:41:53,360 [Worker-21: Building workspace] WARN  o.e.m.c.i.embedder.EclipseLogger - Using platform encoding (Cp1252 actually) to copy filtered resources, i.e. build is platform dependent!
2025-12-29 08:41:53,360 [Worker-21: Building workspace] INFO  o.e.m.c.i.embedder.EclipseLogger - skip non existing resourceDirectory C:\Users\MSI\Desktop\info\projet soa\workspaceProjetRest\ProjetSoaRest\src\test\resources
2025-12-29 08:47:35,086 [Worker-18: Building workspace] WARN  o.e.m.c.i.embedder.EclipseLogger - Using platform encoding (Cp1252 actually) to copy filtered resources, i.e. build is platform dependent!
2025-12-29 08:47:35,088 [Worker-18: Building workspace] INFO  o.e.m.c.i.embedder.EclipseLogger - skip non existing resourceDirectory C:\Users\MSI\Desktop\info\projet soa\workspaceProjetRest\ProjetSoaRest\src\main\resources
2025-12-29 08:47:35,089 [Worker-18: Building workspace] WARN  o.e.m.c.i.embedder.EclipseLogger - Using platform encoding (Cp1252 actually) to copy filtered resources, i.e. build is platform dependent!
2025-12-29 08:47:35,089 [Worker-18: Building workspace] INFO  o.e.m.c.i.embedder.EclipseLogger - skip non existing resourceDirectory C:\Users\MSI\Desktop\info\projet soa\workspaceProjetRest\ProjetSoaRest\src\test\resources
2025-12-29 08:49:24,446 [Worker-21: Building workspace] WARN  o.e.m.c.i.embedder.EclipseLogger - Using platform encoding (Cp1252 actually) to copy filtered resources, i.e. build is platform dependent!
2025-12-29 08:49:24,446 [Worker-21: Building workspace] INFO  o.e.m.c.i.embedder.EclipseLogger - skip non existing resourceDirectory C:\Users\MSI\Desktop\info\projet soa\workspaceProjetRest\ProjetSoaRest\src\main\resources
2025-12-29 08:49:24,447 [Worker-21: Building workspace] WARN  o.e.m.c.i.embedder.EclipseLogger - Using platform encoding (Cp1252 actually) to copy filtered resources, i.e. build is platform dependent!
2025-12-29 08:49:24,447 [Worker-21: Building workspace] INFO  o.e.m.c.i.embedder.EclipseLogger - skip non existing resourceDirectory C:\Users\MSI\Desktop\info\projet soa\workspaceProjetRest\ProjetSoaRest\src\test\resources
2025-12-29 08:49:50,305 [Worker-22: Building workspace] WARN  o.e.m.c.i.embedder.EclipseLogger - Using platform encoding (Cp1252 actually) to copy filtered resources, i.e. build is platform dependent!
2025-12-29 08:49:50,306 [Worker-22: Building workspace] INFO  o.e.m.c.i.embedder.EclipseLogger - skip non existing resourceDirectory C:\Users\MSI\Desktop\info\projet soa\workspaceProjetRest\ProjetSoaRest\src\main\resources
2025-12-29 08:49:50,308 [Worker-22: Building workspace] WARN  o.e.m.c.i.embedder.EclipseLogger - Using platform encoding (Cp1252 actually) to copy filtered resources, i.e. build is platform dependent!
2025-12-29 08:49:50,308 [Worker-22: Building workspace] INFO  o.e.m.c.i.embedder.EclipseLogger - skip non existing resourceDirectory C:\Users\MSI\Desktop\info\projet soa\workspaceProjetRest\ProjetSoaRest\src\test\resources
2025-12-29 08:50:27,583 [Worker-21: Updating Maven Project] INFO  o.e.m.c.i.p.ProjectConfigurationManager - Update started
2025-12-29 08:50:30,171 [Worker-21: Updating Maven Project] INFO  o.e.m.c.i.l.LifecycleMappingFactory - Using org.maven.ide.eclipse.wtp.WarLifecycleMapping lifecycle mapping for MavenProject: tp_revision:tp_revision:0.0.1-SNAPSHOT @ C:\Users\MSI\Desktop\info\projet soa\workspaceProjetRest\ProjetSoaRest\pom.xml.
2025-12-29 08:50:30,900 [Worker-21: Updating Maven Project] INFO  o.e.m.j.i.AbstractJavaProjectConfigurator - Adding source folder /ProjetSoaRest/src
2025-12-29 08:50:30,901 [Worker-21: Updating Maven Project] INFO  o.e.m.j.i.AbstractJavaProjectConfigurator - Not adding source folder /ProjetSoaRest/src/test/java because it overlaps with /ProjetSoaRest/src
2025-12-29 08:50:31,099 [Worker-21: Updating Maven Project] INFO  o.e.m.w.i.f.ResourceFilteringBuildParticipant - Cleaning filtered folder for ProjetSoaRest
2025-12-29 08:50:31,118 [Worker-21: Updating Maven Project] INFO  o.e.m.c.i.p.ProjectConfigurationManager - Update completed: 3 sec
2025-12-29 08:50:31,391 [Worker-23: Building workspace] WARN  o.e.m.c.i.embedder.EclipseLogger - Using platform encoding (Cp1252 actually) to copy filtered resources, i.e. build is platform dependent!
2025-12-29 08:50:31,392 [Worker-23: Building workspace] INFO  o.e.m.c.i.embedder.EclipseLogger - skip non existing resourceDirectory C:\Users\MSI\Desktop\info\projet soa\workspaceProjetRest\ProjetSoaRest\src\main\resources
2025-12-29 08:50:31,393 [Worker-23: Building workspace] WARN  o.e.m.c.i.embedder.EclipseLogger - Using platform encoding (Cp1252 actually) to copy filtered resources, i.e. build is platform dependent!
2025-12-29 08:50:31,394 [Worker-23: Building workspace] INFO  o.e.m.c.i.embedder.EclipseLogger - skip non existing resourceDirectory C:\Users\MSI\Desktop\info\projet soa\workspaceProjetRest\ProjetSoaRest\src\test\resources
2025-12-29 08:50:31,394 [Worker-23: Building workspace] INFO  o.e.m.w.i.f.ResourceFilteringBuildParticipant - Changed resources require a complete clean of filtered resources of ProjetSoaRest
2025-12-29 08:50:31,395 [Worker-23: Building workspace] INFO  o.e.m.w.i.f.ResourceFilteringBuildParticipant - Executing resource filtering for ProjetSoaRest
2025-12-29 08:50:31,397 [Worker-23: Building workspace] WARN  o.e.m.c.i.embedder.EclipseLogger - The POM for org.apache.maven.plugins:maven-clean-plugin:jar:2.5 is missing, no dependency information available
2025-12-29 08:50:31,401 [Worker-23: Building workspace] WARN  o.e.m.c.i.embedder.EclipseLogger - Using platform encoding (Cp1252 actually) to copy filtered resources, i.e. build is platform dependent!
2025-12-29 08:50:35,911 [Worker-22: Building workspace] WARN  o.e.m.c.i.embedder.EclipseLogger - Using platform encoding (Cp1252 actually) to copy filtered resources, i.e. build is platform dependent!
2025-12-29 08:50:35,912 [Worker-22: Building workspace] INFO  o.e.m.c.i.embedder.EclipseLogger - skip non existing resourceDirectory C:\Users\MSI\Desktop\info\projet soa\workspaceProjetRest\ProjetSoaRest\src\main\resources
2025-12-29 08:50:35,913 [Worker-22: Building workspace] WARN  o.e.m.c.i.embedder.EclipseLogger - Using platform encoding (Cp1252 actually) to copy filtered resources, i.e. build is platform dependent!
2025-12-29 08:50:35,913 [Worker-22: Building workspace] INFO  o.e.m.c.i.embedder.EclipseLogger - skip non existing resourceDirectory C:\Users\MSI\Desktop\info\projet soa\workspaceProjetRest\ProjetSoaRest\src\test\resources
2025-12-29 08:53:00,303 [Worker-21: Building workspace] WARN  o.e.m.c.i.embedder.EclipseLogger - Using platform encoding (Cp1252 actually) to copy filtered resources, i.e. build is platform dependent!
2025-12-29 08:53:00,303 [Worker-21: Building workspace] INFO  o.e.m.c.i.embedder.EclipseLogger - skip non existing resourceDirectory C:\Users\MSI\Desktop\info\projet soa\workspaceProjetRest\ProjetSoaRest\src\main\resources
2025-12-29 08:53:00,304 [Worker-21: Building workspace] WARN  o.e.m.c.i.embedder.EclipseLogger - Using platform encoding (Cp1252 actually) to copy filtered resources, i.e. build is platform dependent!
2025-12-29 08:53:00,304 [Worker-21: Building workspace] INFO  o.e.m.c.i.embedder.EclipseLogger - skip non existing resourceDirectory C:\Users\MSI\Desktop\info\projet soa\workspaceProjetRest\ProjetSoaRest\src\test\resources
2025-12-29 08:55:24,038 [Worker-23: Building workspace] WARN  o.e.m.c.i.embedder.EclipseLogger - Using platform encoding (Cp1252 actually) to copy filtered resources, i.e. build is platform dependent!
2025-12-29 08:55:24,039 [Worker-23: Building workspace] INFO  o.e.m.c.i.embedder.EclipseLogger - skip non existing resourceDirectory C:\Users\MSI\Desktop\info\projet soa\workspaceProjetRest\ProjetSoaRest\src\main\resources
2025-12-29 08:55:24,040 [Worker-23: Building workspace] WARN  o.e.m.c.i.embedder.EclipseLogger - Using platform encoding (Cp1252 actually) to copy filtered resources, i.e. build is platform dependent!
2025-12-29 08:55:24,040 [Worker-23: Building workspace] INFO  o.e.m.c.i.embedder.EclipseLogger - skip non existing resourceDirectory C:\Users\MSI\Desktop\info\projet soa\workspaceProjetRest\ProjetSoaRest\src\test\resources
2025-12-29 08:57:07,850 [Worker-23: Building workspace] WARN  o.e.m.c.i.embedder.EclipseLogger - Using platform encoding (Cp1252 actually) to copy filtered resources, i.e. build is platform dependent!
2025-12-29 08:57:07,850 [Worker-23: Building workspace] INFO  o.e.m.c.i.embedder.EclipseLogger - skip non existing resourceDirectory C:\Users\MSI\Desktop\info\projet soa\workspaceProjetRest\ProjetSoaRest\src\main\resources
2025-12-29 08:57:07,852 [Worker-23: Building workspace] WARN  o.e.m.c.i.embedder.EclipseLogger - Using platform encoding (Cp1252 actually) to copy filtered resources, i.e. build is platform dependent!
2025-12-29 08:57:07,852 [Worker-23: Building workspace] INFO  o.e.m.c.i.embedder.EclipseLogger - skip non existing resourceDirectory C:\Users\MSI\Desktop\info\projet soa\workspaceProjetRest\ProjetSoaRest\src\test\resources
2025-12-29 08:59:19,184 [Worker-29: Building workspace] WARN  o.e.m.c.i.embedder.EclipseLogger - Using platform encoding (Cp1252 actually) to copy filtered resources, i.e. build is platform dependent!
2025-12-29 08:59:19,185 [Worker-29: Building workspace] INFO  o.e.m.c.i.embedder.EclipseLogger - skip non existing resourceDirectory C:\Users\MSI\Desktop\info\projet soa\workspaceProjetRest\ProjetSoaRest\src\main\resources
2025-12-29 08:59:19,186 [Worker-29: Building workspace] WARN  o.e.m.c.i.embedder.EclipseLogger - Using platform encoding (Cp1252 actually) to copy filtered resources, i.e. build is platform dependent!
2025-12-29 08:59:19,186 [Worker-29: Building workspace] INFO  o.e.m.c.i.embedder.EclipseLogger - skip non existing resourceDirectory C:\Users\MSI\Desktop\info\projet soa\workspaceProjetRest\ProjetSoaRest\src\test\resources
2025-12-29 08:59:34,251 [Worker-27: Building workspace] WARN  o.e.m.c.i.embedder.EclipseLogger - Using platform encoding (Cp1252 actually) to copy filtered resources, i.e. build is platform dependent!
2025-12-29 08:59:34,251 [Worker-27: Building workspace] INFO  o.e.m.c.i.embedder.EclipseLogger - skip non existing resourceDirectory C:\Users\MSI\Desktop\info\projet soa\workspaceProjetRest\ProjetSoaRest\src\main\resources
2025-12-29 08:59:34,252 [Worker-27: Building workspace] WARN  o.e.m.c.i.embedder.EclipseLogger - Using platform encoding (Cp1252 actually) to copy filtered resources, i.e. build is platform dependent!
2025-12-29 08:59:34,253 [Worker-27: Building workspace] INFO  o.e.m.c.i.embedder.EclipseLogger - skip non existing resourceDirectory C:\Users\MSI\Desktop\info\projet soa\workspaceProjetRest\ProjetSoaRest\src\test\resources
2025-12-29 09:01:20,444 [Worker-23: Building workspace] WARN  o.e.m.c.i.embedder.EclipseLogger - Using platform encoding (Cp1252 actually) to copy filtered resources, i.e. build is platform dependent!
2025-12-29 09:01:20,445 [Worker-23: Building workspace] INFO  o.e.m.c.i.embedder.EclipseLogger - skip non existing resourceDirectory C:\Users\MSI\Desktop\info\projet soa\workspaceProjetRest\ProjetSoaRest\src\main\resources
2025-12-29 09:01:20,454 [Worker-23: Building workspace] WARN  o.e.m.c.i.embedder.EclipseLogger - Using platform encoding (Cp1252 actually) to copy filtered resources, i.e. build is platform dependent!
2025-12-29 09:01:20,455 [Worker-23: Building workspace] INFO  o.e.m.c.i.embedder.EclipseLogger - skip non existing resourceDirectory C:\Users\MSI\Desktop\info\projet soa\workspaceProjetRest\ProjetSoaRest\src\test\resources
2025-12-29 09:01:34,241 [Worker-29: Building workspace] WARN  o.e.m.c.i.embedder.EclipseLogger - Using platform encoding (Cp1252 actually) to copy filtered resources, i.e. build is platform dependent!
2025-12-29 09:01:34,242 [Worker-29: Building workspace] INFO  o.e.m.c.i.embedder.EclipseLogger - skip non existing resourceDirectory C:\Users\MSI\Desktop\info\projet soa\workspaceProjetRest\ProjetSoaRest\src\main\resources
2025-12-29 09:01:34,242 [Worker-29: Building workspace] WARN  o.e.m.c.i.embedder.EclipseLogger - Using platform encoding (Cp1252 actually) to copy filtered resources, i.e. build is platform dependent!
2025-12-29 09:01:34,244 [Worker-29: Building workspace] INFO  o.e.m.c.i.embedder.EclipseLogger - skip non existing resourceDirectory C:\Users\MSI\Desktop\info\projet soa\workspaceProjetRest\ProjetSoaRest\src\test\resources
2025-12-29 09:01:40,927 [Worker-29: Building workspace] WARN  o.e.m.c.i.embedder.EclipseLogger - Using platform encoding (Cp1252 actually) to copy filtered resources, i.e. build is platform dependent!
2025-12-29 09:01:40,928 [Worker-29: Building workspace] INFO  o.e.m.c.i.embedder.EclipseLogger - skip non existing resourceDirectory C:\Users\MSI\Desktop\info\projet soa\workspaceProjetRest\ProjetSoaRest\src\main\resources
2025-12-29 09:01:40,929 [Worker-29: Building workspace] WARN  o.e.m.c.i.embedder.EclipseLogger - Using platform encoding (Cp1252 actually) to copy filtered resources, i.e. build is platform dependent!
2025-12-29 09:01:40,929 [Worker-29: Building workspace] INFO  o.e.m.c.i.embedder.EclipseLogger - skip non existing resourceDirectory C:\Users\MSI\Desktop\info\projet soa\workspaceProjetRest\ProjetSoaRest\src\test\resources
2025-12-29 09:01:53,392 [Worker-28: Building workspace] WARN  o.e.m.c.i.embedder.EclipseLogger - Using platform encoding (Cp1252 actually) to copy filtered resources, i.e. build is platform dependent!
2025-12-29 09:01:53,393 [Worker-28: Building workspace] INFO  o.e.m.c.i.embedder.EclipseLogger - skip non existing resourceDirectory C:\Users\MSI\Desktop\info\projet soa\workspaceProjetRest\ProjetSoaRest\src\main\resources
2025-12-29 09:01:53,393 [Worker-28: Building workspace] WARN  o.e.m.c.i.embedder.EclipseLogger - Using platform encoding (Cp1252 actually) to copy filtered resources, i.e. build is platform dependent!
2025-12-29 09:01:53,393 [Worker-28: Building workspace] INFO  o.e.m.c.i.embedder.EclipseLogger - skip non existing resourceDirectory C:\Users\MSI\Desktop\info\projet soa\workspaceProjetRest\ProjetSoaRest\src\test\resources
2025-12-29 09:02:42,747 [Worker-23: Building workspace] WARN  o.e.m.c.i.embedder.EclipseLogger - Using platform encoding (Cp1252 actually) to copy filtered resources, i.e. build is platform dependent!
2025-12-29 09:02:42,748 [Worker-23: Building workspace] INFO  o.e.m.c.i.embedder.EclipseLogger - skip non existing resourceDirectory C:\Users\MSI\Desktop\info\projet soa\workspaceProjetRest\ProjetSoaRest\src\main\resources
2025-12-29 09:02:42,749 [Worker-23: Building workspace] WARN  o.e.m.c.i.embedder.EclipseLogger - Using platform encoding (Cp1252 actually) to copy filtered resources, i.e. build is platform dependent!
2025-12-29 09:02:42,749 [Worker-23: Building workspace] INFO  o.e.m.c.i.embedder.EclipseLogger - skip non existing resourceDirectory C:\Users\MSI\Desktop\info\projet soa\workspaceProjetRest\ProjetSoaRest\src\test\resources
2025-12-29 09:04:10,998 [Worker-29: Building workspace] WARN  o.e.m.c.i.embedder.EclipseLogger - Using platform encoding (Cp1252 actually) to copy filtered resources, i.e. build is platform dependent!
2025-12-29 09:04:10,999 [Worker-29: Building workspace] INFO  o.e.m.c.i.embedder.EclipseLogger - skip non existing resourceDirectory C:\Users\MSI\Desktop\info\projet soa\workspaceProjetRest\ProjetSoaRest\src\main\resources
2025-12-29 09:04:11,000 [Worker-29: Building workspace] WARN  o.e.m.c.i.embedder.EclipseLogger - Using platform encoding (Cp1252 actually) to copy filtered resources, i.e. build is platform dependent!
2025-12-29 09:04:11,000 [Worker-29: Building workspace] INFO  o.e.m.c.i.embedder.EclipseLogger - skip non existing resourceDirectory C:\Users\MSI\Desktop\info\projet soa\workspaceProjetRest\ProjetSoaRest\src\test\resources
2025-12-29 09:04:47,859 [Worker-31: Building workspace] WARN  o.e.m.c.i.embedder.EclipseLogger - Using platform encoding (Cp1252 actually) to copy filtered resources, i.e. build is platform dependent!
2025-12-29 09:04:47,860 [Worker-31: Building workspace] INFO  o.e.m.c.i.embedder.EclipseLogger - skip non existing resourceDirectory C:\Users\MSI\Desktop\info\projet soa\workspaceProjetRest\ProjetSoaRest\src\main\resources
2025-12-29 09:04:47,860 [Worker-31: Building workspace] WARN  o.e.m.c.i.embedder.EclipseLogger - Using platform encoding (Cp1252 actually) to copy filtered resources, i.e. build is platform dependent!
2025-12-29 09:04:47,861 [Worker-31: Building workspace] INFO  o.e.m.c.i.embedder.EclipseLogger - skip non existing resourceDirectory C:\Users\MSI\Desktop\info\projet soa\workspaceProjetRest\ProjetSoaRest\src\test\resources
2025-12-29 09:04:53,882 [Worker-31: Building workspace] WARN  o.e.m.c.i.embedder.EclipseLogger - Using platform encoding (Cp1252 actually) to copy filtered resources, i.e. build is platform dependent!
2025-12-29 09:04:53,883 [Worker-31: Building workspace] INFO  o.e.m.c.i.embedder.EclipseLogger - skip non existing resourceDirectory C:\Users\MSI\Desktop\info\projet soa\workspaceProjetRest\ProjetSoaRest\src\main\resources
2025-12-29 09:04:53,883 [Worker-31: Building workspace] WARN  o.e.m.c.i.embedder.EclipseLogger - Using platform encoding (Cp1252 actually) to copy filtered resources, i.e. build is platform dependent!
2025-12-29 09:04:53,884 [Worker-31: Building workspace] INFO  o.e.m.c.i.embedder.EclipseLogger - skip non existing resourceDirectory C:\Users\MSI\Desktop\info\projet soa\workspaceProjetRest\ProjetSoaRest\src\test\resources
2025-12-29 09:04:59,525 [Worker-29: Building workspace] WARN  o.e.m.c.i.embedder.EclipseLogger - Using platform encoding (Cp1252 actually) to copy filtered resources, i.e. build is platform dependent!
2025-12-29 09:04:59,526 [Worker-29: Building workspace] INFO  o.e.m.c.i.embedder.EclipseLogger - skip non existing resourceDirectory C:\Users\MSI\Desktop\info\projet soa\workspaceProjetRest\ProjetSoaRest\src\main\resources
2025-12-29 09:04:59,527 [Worker-29: Building workspace] WARN  o.e.m.c.i.embedder.EclipseLogger - Using platform encoding (Cp1252 actually) to copy filtered resources, i.e. build is platform dependent!
2025-12-29 09:04:59,528 [Worker-29: Building workspace] INFO  o.e.m.c.i.embedder.EclipseLogger - skip non existing resourceDirectory C:\Users\MSI\Desktop\info\projet soa\workspaceProjetRest\ProjetSoaRest\src\test\resources
2025-12-29 09:05:04,821 [Worker-32: Building workspace] WARN  o.e.m.c.i.embedder.EclipseLogger - Using platform encoding (Cp1252 actually) to copy filtered resources, i.e. build is platform dependent!
2025-12-29 09:05:04,822 [Worker-32: Building workspace] INFO  o.e.m.c.i.embedder.EclipseLogger - skip non existing resourceDirectory C:\Users\MSI\Desktop\info\projet soa\workspaceProjetRest\ProjetSoaRest\src\main\resources
2025-12-29 09:05:04,822 [Worker-32: Building workspace] WARN  o.e.m.c.i.embedder.EclipseLogger - Using platform encoding (Cp1252 actually) to copy filtered resources, i.e. build is platform dependent!
2025-12-29 09:05:04,823 [Worker-32: Building workspace] INFO  o.e.m.c.i.embedder.EclipseLogger - skip non existing resourceDirectory C:\Users\MSI\Desktop\info\projet soa\workspaceProjetRest\ProjetSoaRest\src\test\resources
2025-12-29 09:08:13,265 [Worker-27: Building workspace] WARN  o.e.m.c.i.embedder.EclipseLogger - Using platform encoding (Cp1252 actually) to copy filtered resources, i.e. build is platform dependent!
2025-12-29 09:08:13,266 [Worker-27: Building workspace] INFO  o.e.m.c.i.embedder.EclipseLogger - skip non existing resourceDirectory C:\Users\MSI\Desktop\info\projet soa\workspaceProjetRest\ProjetSoaRest\src\main\resources
2025-12-29 09:08:13,267 [Worker-27: Building workspace] WARN  o.e.m.c.i.embedder.EclipseLogger - Using platform encoding (Cp1252 actually) to copy filtered resources, i.e. build is platform dependent!
2025-12-29 09:08:13,267 [Worker-27: Building workspace] INFO  o.e.m.c.i.embedder.EclipseLogger - skip non existing resourceDirectory C:\Users\MSI\Desktop\info\projet soa\workspaceProjetRest\ProjetSoaRest\src\test\resources
2025-12-29 09:09:00,742 [Worker-27: Building workspace] WARN  o.e.m.c.i.embedder.EclipseLogger - Using platform encoding (Cp1252 actually) to copy filtered resources, i.e. build is platform dependent!
2025-12-29 09:09:00,743 [Worker-27: Building workspace] INFO  o.e.m.c.i.embedder.EclipseLogger - skip non existing resourceDirectory C:\Users\MSI\Desktop\info\projet soa\workspaceProjetRest\ProjetSoaRest\src\main\resources
2025-12-29 09:09:00,743 [Worker-27: Building workspace] WARN  o.e.m.c.i.embedder.EclipseLogger - Using platform encoding (Cp1252 actually) to copy filtered resources, i.e. build is platform dependent!
2025-12-29 09:09:00,743 [Worker-27: Building workspace] INFO  o.e.m.c.i.embedder.EclipseLogger - skip non existing resourceDirectory C:\Users\MSI\Desktop\info\projet soa\workspaceProjetRest\ProjetSoaRest\src\test\resources
2025-12-29 09:09:26,397 [Worker-31: Building workspace] WARN  o.e.m.c.i.embedder.EclipseLogger - Using platform encoding (Cp1252 actually) to copy filtered resources, i.e. build is platform dependent!
2025-12-29 09:09:26,397 [Worker-31: Building workspace] INFO  o.e.m.c.i.embedder.EclipseLogger - skip non existing resourceDirectory C:\Users\MSI\Desktop\info\projet soa\workspaceProjetRest\ProjetSoaRest\src\main\resources
2025-12-29 09:09:26,398 [Worker-31: Building workspace] WARN  o.e.m.c.i.embedder.EclipseLogger - Using platform encoding (Cp1252 actually) to copy filtered resources, i.e. build is platform dependent!
2025-12-29 09:09:26,398 [Worker-31: Building workspace] INFO  o.e.m.c.i.embedder.EclipseLogger - skip non existing resourceDirectory C:\Users\MSI\Desktop\info\projet soa\workspaceProjetRest\ProjetSoaRest\src\test\resources
2025-12-29 09:09:38,757 [Worker-31: Building workspace] WARN  o.e.m.c.i.embedder.EclipseLogger - Using platform encoding (Cp1252 actually) to copy filtered resources, i.e. build is platform dependent!
2025-12-29 09:09:38,758 [Worker-31: Building workspace] INFO  o.e.m.c.i.embedder.EclipseLogger - skip non existing resourceDirectory C:\Users\MSI\Desktop\info\projet soa\workspaceProjetRest\ProjetSoaRest\src\main\resources
2025-12-29 09:09:38,758 [Worker-31: Building workspace] WARN  o.e.m.c.i.embedder.EclipseLogger - Using platform encoding (Cp1252 actually) to copy filtered resources, i.e. build is platform dependent!
2025-12-29 09:09:38,759 [Worker-31: Building workspace] INFO  o.e.m.c.i.embedder.EclipseLogger - skip non existing resourceDirectory C:\Users\MSI\Desktop\info\projet soa\workspaceProjetRest\ProjetSoaRest\src\test\resources
2025-12-29 09:10:38,993 [Worker-35: Building workspace] WARN  o.e.m.c.i.embedder.EclipseLogger - Using platform encoding (Cp1252 actually) to copy filtered resources, i.e. build is platform dependent!
2025-12-29 09:10:38,994 [Worker-35: Building workspace] INFO  o.e.m.c.i.embedder.EclipseLogger - skip non existing resourceDirectory C:\Users\MSI\Desktop\info\projet soa\workspaceProjetRest\ProjetSoaRest\src\main\resources
2025-12-29 09:10:38,995 [Worker-35: Building workspace] WARN  o.e.m.c.i.embedder.EclipseLogger - Using platform encoding (Cp1252 actually) to copy filtered resources, i.e. build is platform dependent!
2025-12-29 09:10:38,995 [Worker-35: Building workspace] INFO  o.e.m.c.i.embedder.EclipseLogger - skip non existing resourceDirectory C:\Users\MSI\Desktop\info\projet soa\workspaceProjetRest\ProjetSoaRest\src\test\resources
2025-12-29 09:12:20,969 [Worker-31: Building workspace] WARN  o.e.m.c.i.embedder.EclipseLogger - Using platform encoding (Cp1252 actually) to copy filtered resources, i.e. build is platform dependent!
2025-12-29 09:12:20,969 [Worker-31: Building workspace] INFO  o.e.m.c.i.embedder.EclipseLogger - skip non existing resourceDirectory C:\Users\MSI\Desktop\info\projet soa\workspaceProjetRest\ProjetSoaRest\src\main\resources
2025-12-29 09:12:20,970 [Worker-31: Building workspace] WARN  o.e.m.c.i.embedder.EclipseLogger - Using platform encoding (Cp1252 actually) to copy filtered resources, i.e. build is platform dependent!
2025-12-29 09:12:20,971 [Worker-31: Building workspace] INFO  o.e.m.c.i.embedder.EclipseLogger - skip non existing resourceDirectory C:\Users\MSI\Desktop\info\projet soa\workspaceProjetRest\ProjetSoaRest\src\test\resources
2025-12-29 09:12:26,864 [Worker-37: Building workspace] WARN  o.e.m.c.i.embedder.EclipseLogger - Using platform encoding (Cp1252 actually) to copy filtered resources, i.e. build is platform dependent!
2025-12-29 09:12:26,865 [Worker-37: Building workspace] INFO  o.e.m.c.i.embedder.EclipseLogger - skip non existing resourceDirectory C:\Users\MSI\Desktop\info\projet soa\workspaceProjetRest\ProjetSoaRest\src\main\resources
2025-12-29 09:12:26,866 [Worker-37: Building workspace] WARN  o.e.m.c.i.embedder.EclipseLogger - Using platform encoding (Cp1252 actually) to copy filtered resources, i.e. build is platform dependent!
2025-12-29 09:12:26,866 [Worker-37: Building workspace] INFO  o.e.m.c.i.embedder.EclipseLogger - skip non existing resourceDirectory C:\Users\MSI\Desktop\info\projet soa\workspaceProjetRest\ProjetSoaRest\src\test\resources
2025-12-29 09:12:41,385 [Worker-31: Building workspace] WARN  o.e.m.c.i.embedder.EclipseLogger - Using platform encoding (Cp1252 actually) to copy filtered resources, i.e. build is platform dependent!
2025-12-29 09:12:41,385 [Worker-31: Building workspace] INFO  o.e.m.c.i.embedder.EclipseLogger - skip non existing resourceDirectory C:\Users\MSI\Desktop\info\projet soa\workspaceProjetRest\ProjetSoaRest\src\main\resources
2025-12-29 09:12:41,386 [Worker-31: Building workspace] WARN  o.e.m.c.i.embedder.EclipseLogger - Using platform encoding (Cp1252 actually) to copy filtered resources, i.e. build is platform dependent!
2025-12-29 09:12:41,386 [Worker-31: Building workspace] INFO  o.e.m.c.i.embedder.EclipseLogger - skip non existing resourceDirectory C:\Users\MSI\Desktop\info\projet soa\workspaceProjetRest\ProjetSoaRest\src\test\resources
2025-12-29 09:13:02,207 [Worker-38: Building workspace] WARN  o.e.m.c.i.embedder.EclipseLogger - Using platform encoding (Cp1252 actually) to copy filtered resources, i.e. build is platform dependent!
2025-12-29 09:13:02,208 [Worker-38: Building workspace] INFO  o.e.m.c.i.embedder.EclipseLogger - skip non existing resourceDirectory C:\Users\MSI\Desktop\info\projet soa\workspaceProjetRest\ProjetSoaRest\src\main\resources
2025-12-29 09:13:02,208 [Worker-38: Building workspace] WARN  o.e.m.c.i.embedder.EclipseLogger - Using platform encoding (Cp1252 actually) to copy filtered resources, i.e. build is platform dependent!
2025-12-29 09:13:02,209 [Worker-38: Building workspace] INFO  o.e.m.c.i.embedder.EclipseLogger - skip non existing resourceDirectory C:\Users\MSI\Desktop\info\projet soa\workspaceProjetRest\ProjetSoaRest\src\test\resources
2025-12-29 09:13:14,754 [Worker-38: Building workspace] WARN  o.e.m.c.i.embedder.EclipseLogger - Using platform encoding (Cp1252 actually) to copy filtered resources, i.e. build is platform dependent!
2025-12-29 09:13:14,755 [Worker-38: Building workspace] INFO  o.e.m.c.i.embedder.EclipseLogger - skip non existing resourceDirectory C:\Users\MSI\Desktop\info\projet soa\workspaceProjetRest\ProjetSoaRest\src\main\resources
2025-12-29 09:13:14,755 [Worker-38: Building workspace] WARN  o.e.m.c.i.embedder.EclipseLogger - Using platform encoding (Cp1252 actually) to copy filtered resources, i.e. build is platform dependent!
2025-12-29 09:13:14,756 [Worker-38: Building workspace] INFO  o.e.m.c.i.embedder.EclipseLogger - skip non existing resourceDirectory C:\Users\MSI\Desktop\info\projet soa\workspaceProjetRest\ProjetSoaRest\src\test\resources
2025-12-29 09:13:27,101 [Worker-38: Building workspace] WARN  o.e.m.c.i.embedder.EclipseLogger - Using platform encoding (Cp1252 actually) to copy filtered resources, i.e. build is platform dependent!
2025-12-29 09:13:27,102 [Worker-38: Building workspace] INFO  o.e.m.c.i.embedder.EclipseLogger - skip non existing resourceDirectory C:\Users\MSI\Desktop\info\projet soa\workspaceProjetRest\ProjetSoaRest\src\main\resources
2025-12-29 09:13:27,102 [Worker-38: Building workspace] WARN  o.e.m.c.i.embedder.EclipseLogger - Using platform encoding (Cp1252 actually) to copy filtered resources, i.e. build is platform dependent!
2025-12-29 09:13:27,103 [Worker-38: Building workspace] INFO  o.e.m.c.i.embedder.EclipseLogger - skip non existing resourceDirectory C:\Users\MSI\Desktop\info\projet soa\workspaceProjetRest\ProjetSoaRest\src\test\resources
2025-12-29 09:13:39,370 [Worker-31: Building workspace] WARN  o.e.m.c.i.embedder.EclipseLogger - Using platform encoding (Cp1252 actually) to copy filtered resources, i.e. build is platform dependent!
2025-12-29 09:13:39,372 [Worker-31: Building workspace] INFO  o.e.m.c.i.embedder.EclipseLogger - skip non existing resourceDirectory C:\Users\MSI\Desktop\info\projet soa\workspaceProjetRest\ProjetSoaRest\src\main\resources
2025-12-29 09:13:39,372 [Worker-31: Building workspace] WARN  o.e.m.c.i.embedder.EclipseLogger - Using platform encoding (Cp1252 actually) to copy filtered resources, i.e. build is platform dependent!
2025-12-29 09:13:39,373 [Worker-31: Building workspace] INFO  o.e.m.c.i.embedder.EclipseLogger - skip non existing resourceDirectory C:\Users\MSI\Desktop\info\projet soa\workspaceProjetRest\ProjetSoaRest\src\test\resources
2025-12-29 09:13:48,682 [Worker-38: Building workspace] WARN  o.e.m.c.i.embedder.EclipseLogger - Using platform encoding (Cp1252 actually) to copy filtered resources, i.e. build is platform dependent!
2025-12-29 09:13:48,683 [Worker-38: Building workspace] INFO  o.e.m.c.i.embedder.EclipseLogger - skip non existing resourceDirectory C:\Users\MSI\Desktop\info\projet soa\workspaceProjetRest\ProjetSoaRest\src\main\resources
2025-12-29 09:13:48,683 [Worker-38: Building workspace] WARN  o.e.m.c.i.embedder.EclipseLogger - Using platform encoding (Cp1252 actually) to copy filtered resources, i.e. build is platform dependent!
2025-12-29 09:13:48,684 [Worker-38: Building workspace] INFO  o.e.m.c.i.embedder.EclipseLogger - skip non existing resourceDirectory C:\Users\MSI\Desktop\info\projet soa\workspaceProjetRest\ProjetSoaRest\src\test\resources
2025-12-29 09:14:58,379 [Worker-38: Building workspace] WARN  o.e.m.c.i.embedder.EclipseLogger - Using platform encoding (Cp1252 actually) to copy filtered resources, i.e. build is platform dependent!
2025-12-29 09:14:58,380 [Worker-38: Building workspace] INFO  o.e.m.c.i.embedder.EclipseLogger - skip non existing resourceDirectory C:\Users\MSI\Desktop\info\projet soa\workspaceProjetRest\ProjetSoaRest\src\main\resources
2025-12-29 09:14:58,380 [Worker-38: Building workspace] WARN  o.e.m.c.i.embedder.EclipseLogger - Using platform encoding (Cp1252 actually) to copy filtered resources, i.e. build is platform dependent!
2025-12-29 09:14:58,381 [Worker-38: Building workspace] INFO  o.e.m.c.i.embedder.EclipseLogger - skip non existing resourceDirectory C:\Users\MSI\Desktop\info\projet soa\workspaceProjetRest\ProjetSoaRest\src\test\resources
2025-12-29 09:17:46,112 [Worker-35: Building workspace] WARN  o.e.m.c.i.embedder.EclipseLogger - Using platform encoding (Cp1252 actually) to copy filtered resources, i.e. build is platform dependent!
2025-12-29 09:17:46,113 [Worker-35: Building workspace] INFO  o.e.m.c.i.embedder.EclipseLogger - skip non existing resourceDirectory C:\Users\MSI\Desktop\info\projet soa\workspaceProjetRest\ProjetSoaRest\src\main\resources
2025-12-29 09:17:46,114 [Worker-35: Building workspace] WARN  o.e.m.c.i.embedder.EclipseLogger - Using platform encoding (Cp1252 actually) to copy filtered resources, i.e. build is platform dependent!
2025-12-29 09:17:46,114 [Worker-35: Building workspace] INFO  o.e.m.c.i.embedder.EclipseLogger - skip non existing resourceDirectory C:\Users\MSI\Desktop\info\projet soa\workspaceProjetRest\ProjetSoaRest\src\test\resources
2025-12-29 09:20:08,289 [Worker-41: Building workspace] WARN  o.e.m.c.i.embedder.EclipseLogger - Using platform encoding (Cp1252 actually) to copy filtered resources, i.e. build is platform dependent!
2025-12-29 09:20:08,290 [Worker-41: Building workspace] INFO  o.e.m.c.i.embedder.EclipseLogger - skip non existing resourceDirectory C:\Users\MSI\Desktop\info\projet soa\workspaceProjetRest\ProjetSoaRest\src\main\resources
2025-12-29 09:20:08,291 [Worker-41: Building workspace] WARN  o.e.m.c.i.embedder.EclipseLogger - Using platform encoding (Cp1252 actually) to copy filtered resources, i.e. build is platform dependent!
2025-12-29 09:20:08,291 [Worker-41: Building workspace] INFO  o.e.m.c.i.embedder.EclipseLogger - skip non existing resourceDirectory C:\Users\MSI\Desktop\info\projet soa\workspaceProjetRest\ProjetSoaRest\src\test\resources
2025-12-29 09:22:15,210 [Worker-39: Building workspace] WARN  o.e.m.c.i.embedder.EclipseLogger - Using platform encoding (Cp1252 actually) to copy filtered resources, i.e. build is platform dependent!
2025-12-29 09:22:15,211 [Worker-39: Building workspace] INFO  o.e.m.c.i.embedder.EclipseLogger - skip non existing resourceDirectory C:\Users\MSI\Desktop\info\projet soa\workspaceProjetRest\ProjetSoaRest\src\main\resources
2025-12-29 09:22:15,212 [Worker-39: Building workspace] WARN  o.e.m.c.i.embedder.EclipseLogger - Using platform encoding (Cp1252 actually) to copy filtered resources, i.e. build is platform dependent!
2025-12-29 09:22:15,212 [Worker-39: Building workspace] INFO  o.e.m.c.i.embedder.EclipseLogger - skip non existing resourceDirectory C:\Users\MSI\Desktop\info\projet soa\workspaceProjetRest\ProjetSoaRest\src\test\resources
2025-12-29 09:22:25,711 [Worker-38: Building workspace] WARN  o.e.m.c.i.embedder.EclipseLogger - Using platform encoding (Cp1252 actually) to copy filtered resources, i.e. build is platform dependent!
2025-12-29 09:22:25,712 [Worker-38: Building workspace] INFO  o.e.m.c.i.embedder.EclipseLogger - skip non existing resourceDirectory C:\Users\MSI\Desktop\info\projet soa\workspaceProjetRest\ProjetSoaRest\src\main\resources
2025-12-29 09:22:25,712 [Worker-38: Building workspace] WARN  o.e.m.c.i.embedder.EclipseLogger - Using platform encoding (Cp1252 actually) to copy filtered resources, i.e. build is platform dependent!
2025-12-29 09:22:25,713 [Worker-38: Building workspace] INFO  o.e.m.c.i.embedder.EclipseLogger - skip non existing resourceDirectory C:\Users\MSI\Desktop\info\projet soa\workspaceProjetRest\ProjetSoaRest\src\test\resources
2025-12-29 09:22:30,647 [Worker-42: Building workspace] WARN  o.e.m.c.i.embedder.EclipseLogger - Using platform encoding (Cp1252 actually) to copy filtered resources, i.e. build is platform dependent!
2025-12-29 09:22:30,647 [Worker-42: Building workspace] INFO  o.e.m.c.i.embedder.EclipseLogger - skip non existing resourceDirectory C:\Users\MSI\Desktop\info\projet soa\workspaceProjetRest\ProjetSoaRest\src\main\resources
2025-12-29 09:22:30,647 [Worker-42: Building workspace] WARN  o.e.m.c.i.embedder.EclipseLogger - Using platform encoding (Cp1252 actually) to copy filtered resources, i.e. build is platform dependent!
2025-12-29 09:22:30,649 [Worker-42: Building workspace] INFO  o.e.m.c.i.embedder.EclipseLogger - skip non existing resourceDirectory C:\Users\MSI\Desktop\info\projet soa\workspaceProjetRest\ProjetSoaRest\src\test\resources
2025-12-29 09:32:41,040 [Worker-48: Building workspace] WARN  o.e.m.c.i.embedder.EclipseLogger - Using platform encoding (Cp1252 actually) to copy filtered resources, i.e. build is platform dependent!
2025-12-29 09:32:41,040 [Worker-48: Building workspace] INFO  o.e.m.c.i.embedder.EclipseLogger - skip non existing resourceDirectory C:\Users\MSI\Desktop\info\projet soa\workspaceProjetRest\ProjetSoaRest\src\main\resources
2025-12-29 09:32:41,041 [Worker-48: Building workspace] WARN  o.e.m.c.i.embedder.EclipseLogger - Using platform encoding (Cp1252 actually) to copy filtered resources, i.e. build is platform dependent!
2025-12-29 09:32:41,041 [Worker-48: Building workspace] INFO  o.e.m.c.i.embedder.EclipseLogger - skip non existing resourceDirectory C:\Users\MSI\Desktop\info\projet soa\workspaceProjetRest\ProjetSoaRest\src\test\resources
2025-12-29 09:43:52,824 [Worker-1: Loading available Gradle versions] INFO  c.g.t.t.d.PublishedGradleVersions - Gradle version information cache is up-to-date. Trying to read.
2025-12-29 09:43:55,067 [Worker-8: Building workspace] WARN  o.e.m.c.i.embedder.EclipseLogger - Using platform encoding (Cp1252 actually) to copy filtered resources, i.e. build is platform dependent!
2025-12-29 09:43:55,068 [Worker-8: Building workspace] INFO  o.e.m.c.i.embedder.EclipseLogger - skip non existing resourceDirectory C:\Users\MSI\Desktop\info\projet soa\workspaceProjetRest\ProjetSoaRest\src\main\resources
2025-12-29 09:43:55,070 [Worker-8: Building workspace] WARN  o.e.m.c.i.embedder.EclipseLogger - Using platform encoding (Cp1252 actually) to copy filtered resources, i.e. build is platform dependent!
2025-12-29 09:43:55,070 [Worker-8: Building workspace] INFO  o.e.m.c.i.embedder.EclipseLogger - skip non existing resourceDirectory C:\Users\MSI\Desktop\info\projet soa\workspaceProjetRest\ProjetSoaRest\src\test\resources
2025-12-29 09:44:42,802 [Worker-11: Building workspace] INFO  o.e.m.c.i.l.LifecycleMappingFactory - Using org.maven.ide.eclipse.wtp.WarLifecycleMapping lifecycle mapping for MavenProject: projetRest:tp_revision:0.0.1-SNAPSHOT @ C:\Users\MSI\Desktop\info\projet soa\workspaceProjetRest\ProjetSoaRest\pom.xml.
2025-12-29 09:44:43,365 [Worker-11: Building workspace] WARN  o.e.m.c.i.embedder.EclipseLogger - Using platform encoding (Cp1252 actually) to copy filtered resources, i.e. build is platform dependent!
2025-12-29 09:44:43,367 [Worker-11: Building workspace] INFO  o.e.m.c.i.embedder.EclipseLogger - skip non existing resourceDirectory C:\Users\MSI\Desktop\info\projet soa\workspaceProjetRest\ProjetSoaRest\src\main\resources
2025-12-29 09:44:43,368 [Worker-11: Building workspace] WARN  o.e.m.c.i.embedder.EclipseLogger - Using platform encoding (Cp1252 actually) to copy filtered resources, i.e. build is platform dependent!
2025-12-29 09:44:43,369 [Worker-11: Building workspace] INFO  o.e.m.c.i.embedder.EclipseLogger - skip non existing resourceDirectory C:\Users\MSI\Desktop\info\projet soa\workspaceProjetRest\ProjetSoaRest\src\test\resources
2025-12-29 09:44:43,369 [Worker-11: Building workspace] INFO  o.e.m.w.i.f.ResourceFilteringBuildParticipant - Changed resources require a complete clean of filtered resources of ProjetSoaRest
2025-12-29 09:44:43,369 [Worker-11: Building workspace] INFO  o.e.m.w.i.f.ResourceFilteringBuildParticipant - Executing resource filtering for ProjetSoaRest
2025-12-29 09:44:43,372 [Worker-11: Building workspace] WARN  o.e.m.c.i.embedder.EclipseLogger - The POM for org.apache.maven.plugins:maven-clean-plugin:jar:2.5 is missing, no dependency information available
2025-12-29 09:44:43,375 [Worker-11: Building workspace] WARN  o.e.m.c.i.embedder.EclipseLogger - Using platform encoding (Cp1252 actually) to copy filtered resources, i.e. build is platform dependent!
2025-12-29 09:45:19,559 [Worker-3: reload maven project] ERROR o.e.m2e.editor.pom.MavenPomEditor - failed to load maven project for org.eclipse.ui.part.FileEditorInput(/ProjetSoaRest/pom.xml)
org.eclipse.core.runtime.CoreException: Could not read maven project
	at org.eclipse.m2e.core.internal.project.registry.ProjectRegistryManager.readProjectWithDependencies(ProjectRegistryManager.java:804) ~[na:na]
	at org.eclipse.m2e.core.internal.project.registry.ProjectRegistryManager$6.call(ProjectRegistryManager.java:1010) ~[na:na]
	at org.eclipse.m2e.core.internal.project.registry.ProjectRegistryManager$6.call(ProjectRegistryManager.java:1) ~[na:na]
	at com.google.common.cache.LocalCache$LocalManualCache$1.load(LocalCache.java:5065) ~[na:na]
	at com.google.common.cache.LocalCache$LoadingValueReference.loadFuture(LocalCache.java:3716) ~[na:na]
	at com.google.common.cache.LocalCache$Segment.loadSync(LocalCache.java:2424) ~[na:na]
	at com.google.common.cache.LocalCache$Segment.lockedGetOrLoad(LocalCache.java:2298) ~[na:na]
	at com.google.common.cache.LocalCache$Segment.get(LocalCache.java:2211) ~[na:na]
	at com.google.common.cache.LocalCache.get(LocalCache.java:4154) ~[na:na]
	at com.google.common.cache.LocalCache$LocalManualCache.get(LocalCache.java:5060) ~[na:na]
	at org.eclipse.m2e.core.internal.project.registry.ProjectRegistryManager.getMavenProject(ProjectRegistryManager.java:1008) ~[na:na]
	at org.eclipse.m2e.core.internal.project.registry.MavenProjectFacade.getMavenProject(MavenProjectFacade.java:242) ~[na:na]
	at org.eclipse.m2e.core.ui.internal.actions.SelectionUtil.getMavenProject(SelectionUtil.java:261) ~[org.eclipse.m2e.core.ui_1.9.1.20180912-1601.jar:na]
	at org.eclipse.m2e.editor.pom.MavenPomEditor.readMavenProject(MavenPomEditor.java:740) ~[na:na]
	at org.eclipse.m2e.editor.pom.MavenPomEditor$5.run(MavenPomEditor.java:1074) ~[na:na]
	at org.eclipse.core.internal.jobs.Worker.run(Worker.java:63) [org.eclipse.core.jobs_3.10.100.v20180817-1215.jar:na]
2025-12-29 09:45:19,669 [Worker-3: Building workspace] ERROR o.e.m.c.i.p.r.ProjectRegistryManager - Could not read pom.xml
org.eclipse.core.runtime.CoreException: Could not read pom.xml
	at org.eclipse.m2e.core.internal.embedder.MavenImpl.readModel(MavenImpl.java:565) ~[org.eclipse.m2e.core_1.9.1.20180912-1601.jar:na]
	at org.eclipse.m2e.core.internal.embedder.MavenImpl.readModel(MavenImpl.java:574) ~[org.eclipse.m2e.core_1.9.1.20180912-1601.jar:na]
	at org.eclipse.m2e.core.internal.project.registry.ProjectRegistryManager.refreshPhase2(ProjectRegistryManager.java:542) [org.eclipse.m2e.core_1.9.1.20180912-1601.jar:na]
	at org.eclipse.m2e.core.internal.project.registry.ProjectRegistryManager.refresh(ProjectRegistryManager.java:498) [org.eclipse.m2e.core_1.9.1.20180912-1601.jar:na]
	at org.eclipse.m2e.core.internal.project.registry.ProjectRegistryManager.refresh(ProjectRegistryManager.java:351) [org.eclipse.m2e.core_1.9.1.20180912-1601.jar:na]
	at org.eclipse.m2e.core.internal.project.registry.ProjectRegistryManager.refresh(ProjectRegistryManager.java:298) [org.eclipse.m2e.core_1.9.1.20180912-1601.jar:na]
	at org.eclipse.m2e.core.internal.builder.MavenBuilder$BuildMethod.getProjectFacade(MavenBuilder.java:155) [org.eclipse.m2e.core_1.9.1.20180912-1601.jar:na]
	at org.eclipse.m2e.core.internal.builder.MavenBuilder$BuildMethod$1.call(MavenBuilder.java:90) [org.eclipse.m2e.core_1.9.1.20180912-1601.jar:na]
	at org.eclipse.m2e.core.internal.embedder.MavenExecutionContext.executeBare(MavenExecutionContext.java:177) [org.eclipse.m2e.core_1.9.1.20180912-1601.jar:na]
	at org.eclipse.m2e.core.internal.embedder.MavenExecutionContext.execute(MavenExecutionContext.java:151) [org.eclipse.m2e.core_1.9.1.20180912-1601.jar:na]
	at org.eclipse.m2e.core.internal.embedder.MavenExecutionContext.execute(MavenExecutionContext.java:99) [org.eclipse.m2e.core_1.9.1.20180912-1601.jar:na]
	at org.eclipse.m2e.core.internal.builder.MavenBuilder$BuildMethod.execute(MavenBuilder.java:87) [org.eclipse.m2e.core_1.9.1.20180912-1601.jar:na]
	at org.eclipse.m2e.core.internal.builder.MavenBuilder.build(MavenBuilder.java:201) [org.eclipse.m2e.core_1.9.1.20180912-1601.jar:na]
	at org.eclipse.core.internal.events.BuildManager$2.run(BuildManager.java:798) [org.eclipse.core.resources_3.13.100.v20180828-0158.jar:na]
	at org.eclipse.core.runtime.SafeRunner.run(SafeRunner.java:45) [org.eclipse.equinox.common_3.10.100.v20180827-1235.jar:na]
	at org.eclipse.core.internal.events.BuildManager.basicBuild(BuildManager.java:219) [org.eclipse.core.resources_3.13.100.v20180828-0158.jar:na]
	at org.eclipse.core.internal.events.BuildManager.basicBuild(BuildManager.java:262) [org.eclipse.core.resources_3.13.100.v20180828-0158.jar:na]
	at org.eclipse.core.internal.events.BuildManager$1.run(BuildManager.java:315) [org.eclipse.core.resources_3.13.100.v20180828-0158.jar:na]
	at org.eclipse.core.runtime.SafeRunner.run(SafeRunner.java:45) [org.eclipse.equinox.common_3.10.100.v20180827-1235.jar:na]
	at org.eclipse.core.internal.events.BuildManager.basicBuild(BuildManager.java:318) [org.eclipse.core.resources_3.13.100.v20180828-0158.jar:na]
	at org.eclipse.core.internal.events.BuildManager.basicBuildLoop(BuildManager.java:370) [org.eclipse.core.resources_3.13.100.v20180828-0158.jar:na]
	at org.eclipse.core.internal.events.BuildManager.build(BuildManager.java:391) [org.eclipse.core.resources_3.13.100.v20180828-0158.jar:na]
	at org.eclipse.core.internal.events.AutoBuildJob.doBuild(AutoBuildJob.java:145) [org.eclipse.core.resources_3.13.100.v20180828-0158.jar:na]
	at org.eclipse.core.internal.events.AutoBuildJob.run(AutoBuildJob.java:235) [org.eclipse.core.resources_3.13.100.v20180828-0158.jar:na]
	at org.eclipse.core.internal.jobs.Worker.run(Worker.java:63) [org.eclipse.core.jobs_3.10.100.v20180817-1215.jar:na]
Caused by: org.apache.maven.model.io.ModelParseException: TEXT must be immediately followed by END_TAG and not START_TAG (position: START_TAG seen ...<artifactId>projetRest/artifactId>\r\n\t<version>... @7:11) 
	at org.apache.maven.model.io.DefaultModelReader.read(DefaultModelReader.java:114) ~[maven-model-builder-3.5.3.jar:3.5.3]
	at org.apache.maven.model.io.DefaultModelReader.read(DefaultModelReader.java:82) ~[maven-model-builder-3.5.3.jar:3.5.3]
	at org.eclipse.m2e.core.internal.embedder.MavenImpl.readModel(MavenImpl.java:563) ~[org.eclipse.m2e.core_1.9.1.20180912-1601.jar:na]
	... 24 common frames omitted
Caused by: org.codehaus.plexus.util.xml.pull.XmlPullParserException: TEXT must be immediately followed by END_TAG and not START_TAG (position: START_TAG seen ...<artifactId>projetRest/artifactId>\r\n\t<version>... @7:11) 
	at org.codehaus.plexus.util.xml.pull.MXParser.nextText(MXParser.java:1282) ~[plexus-utils-3.1.0.jar:na]
	at org.apache.maven.model.io.xpp3.MavenXpp3Reader.parseModel(MavenXpp3Reader.java:2084) ~[maven-model-3.5.3.jar:3.5.3]
	at org.apache.maven.model.io.xpp3.MavenXpp3Reader.read(MavenXpp3Reader.java:3852) ~[maven-model-3.5.3.jar:3.5.3]
	at org.apache.maven.model.io.xpp3.MavenXpp3Reader.read(MavenXpp3Reader.java:595) ~[maven-model-3.5.3.jar:3.5.3]
	at org.apache.maven.model.io.DefaultModelReader.read(DefaultModelReader.java:109) ~[maven-model-builder-3.5.3.jar:3.5.3]
	... 26 common frames omitted
2025-12-29 09:45:20,985 [Worker-12: Building workspace] ERROR o.e.m.c.i.p.r.ProjectRegistryManager - Could not read pom.xml
org.eclipse.core.runtime.CoreException: Could not read pom.xml
	at org.eclipse.m2e.core.internal.embedder.MavenImpl.readModel(MavenImpl.java:565) ~[org.eclipse.m2e.core_1.9.1.20180912-1601.jar:na]
	at org.eclipse.m2e.core.internal.embedder.MavenImpl.readModel(MavenImpl.java:574) ~[org.eclipse.m2e.core_1.9.1.20180912-1601.jar:na]
	at org.eclipse.m2e.core.internal.project.registry.ProjectRegistryManager.refreshPhase2(ProjectRegistryManager.java:542) [org.eclipse.m2e.core_1.9.1.20180912-1601.jar:na]
	at org.eclipse.m2e.core.internal.project.registry.ProjectRegistryManager.refresh(ProjectRegistryManager.java:498) [org.eclipse.m2e.core_1.9.1.20180912-1601.jar:na]
	at org.eclipse.m2e.core.internal.project.registry.ProjectRegistryManager.refresh(ProjectRegistryManager.java:351) [org.eclipse.m2e.core_1.9.1.20180912-1601.jar:na]
	at org.eclipse.m2e.core.internal.project.registry.ProjectRegistryManager.refresh(ProjectRegistryManager.java:298) [org.eclipse.m2e.core_1.9.1.20180912-1601.jar:na]
	at org.eclipse.m2e.core.internal.builder.MavenBuilder$BuildMethod.getProjectFacade(MavenBuilder.java:155) [org.eclipse.m2e.core_1.9.1.20180912-1601.jar:na]
	at org.eclipse.m2e.core.internal.builder.MavenBuilder$BuildMethod$1.call(MavenBuilder.java:90) [org.eclipse.m2e.core_1.9.1.20180912-1601.jar:na]
	at org.eclipse.m2e.core.internal.embedder.MavenExecutionContext.executeBare(MavenExecutionContext.java:177) [org.eclipse.m2e.core_1.9.1.20180912-1601.jar:na]
	at org.eclipse.m2e.core.internal.embedder.MavenExecutionContext.execute(MavenExecutionContext.java:151) [org.eclipse.m2e.core_1.9.1.20180912-1601.jar:na]
	at org.eclipse.m2e.core.internal.embedder.MavenExecutionContext.execute(MavenExecutionContext.java:99) [org.eclipse.m2e.core_1.9.1.20180912-1601.jar:na]
	at org.eclipse.m2e.core.internal.builder.MavenBuilder$BuildMethod.execute(MavenBuilder.java:87) [org.eclipse.m2e.core_1.9.1.20180912-1601.jar:na]
	at org.eclipse.m2e.core.internal.builder.MavenBuilder.build(MavenBuilder.java:201) [org.eclipse.m2e.core_1.9.1.20180912-1601.jar:na]
	at org.eclipse.core.internal.events.BuildManager$2.run(BuildManager.java:798) [org.eclipse.core.resources_3.13.100.v20180828-0158.jar:na]
	at org.eclipse.core.runtime.SafeRunner.run(SafeRunner.java:45) [org.eclipse.equinox.common_3.10.100.v20180827-1235.jar:na]
	at org.eclipse.core.internal.events.BuildManager.basicBuild(BuildManager.java:219) [org.eclipse.core.resources_3.13.100.v20180828-0158.jar:na]
	at org.eclipse.core.internal.events.BuildManager.basicBuild(BuildManager.java:262) [org.eclipse.core.resources_3.13.100.v20180828-0158.jar:na]
	at org.eclipse.core.internal.events.BuildManager$1.run(BuildManager.java:315) [org.eclipse.core.resources_3.13.100.v20180828-0158.jar:na]
	at org.eclipse.core.runtime.SafeRunner.run(SafeRunner.java:45) [org.eclipse.equinox.common_3.10.100.v20180827-1235.jar:na]
	at org.eclipse.core.internal.events.BuildManager.basicBuild(BuildManager.java:318) [org.eclipse.core.resources_3.13.100.v20180828-0158.jar:na]
	at org.eclipse.core.internal.events.BuildManager.basicBuildLoop(BuildManager.java:370) [org.eclipse.core.resources_3.13.100.v20180828-0158.jar:na]
	at org.eclipse.core.internal.events.BuildManager.build(BuildManager.java:391) [org.eclipse.core.resources_3.13.100.v20180828-0158.jar:na]
	at org.eclipse.core.internal.events.AutoBuildJob.doBuild(AutoBuildJob.java:145) [org.eclipse.core.resources_3.13.100.v20180828-0158.jar:na]
	at org.eclipse.core.internal.events.AutoBuildJob.run(AutoBuildJob.java:235) [org.eclipse.core.resources_3.13.100.v20180828-0158.jar:na]
	at org.eclipse.core.internal.jobs.Worker.run(Worker.java:63) [org.eclipse.core.jobs_3.10.100.v20180817-1215.jar:na]
Caused by: org.apache.maven.model.io.ModelParseException: TEXT must be immediately followed by END_TAG and not START_TAG (position: START_TAG seen ...<artifactId>projetRest/artifactId>\r\n\t<version>... @7:11) 
	at org.apache.maven.model.io.DefaultModelReader.read(DefaultModelReader.java:114) ~[maven-model-builder-3.5.3.jar:3.5.3]
	at org.apache.maven.model.io.DefaultModelReader.read(DefaultModelReader.java:82) ~[maven-model-builder-3.5.3.jar:3.5.3]
	at org.eclipse.m2e.core.internal.embedder.MavenImpl.readModel(MavenImpl.java:563) ~[org.eclipse.m2e.core_1.9.1.20180912-1601.jar:na]
	... 24 common frames omitted
Caused by: org.codehaus.plexus.util.xml.pull.XmlPullParserException: TEXT must be immediately followed by END_TAG and not START_TAG (position: START_TAG seen ...<artifactId>projetRest/artifactId>\r\n\t<version>... @7:11) 
	at org.codehaus.plexus.util.xml.pull.MXParser.nextText(MXParser.java:1282) ~[plexus-utils-3.1.0.jar:na]
	at org.apache.maven.model.io.xpp3.MavenXpp3Reader.parseModel(MavenXpp3Reader.java:2084) ~[maven-model-3.5.3.jar:3.5.3]
	at org.apache.maven.model.io.xpp3.MavenXpp3Reader.read(MavenXpp3Reader.java:3852) ~[maven-model-3.5.3.jar:3.5.3]
	at org.apache.maven.model.io.xpp3.MavenXpp3Reader.read(MavenXpp3Reader.java:595) ~[maven-model-3.5.3.jar:3.5.3]
	at org.apache.maven.model.io.DefaultModelReader.read(DefaultModelReader.java:109) ~[maven-model-builder-3.5.3.jar:3.5.3]
	... 26 common frames omitted
2025-12-29 09:46:04,296 [Worker-5: Building workspace] INFO  o.e.m.c.i.l.LifecycleMappingFactory - Using org.maven.ide.eclipse.wtp.WarLifecycleMapping lifecycle mapping for MavenProject: tp_revision:tp_revision:0.0.1-SNAPSHOT @ C:\Users\MSI\Desktop\info\projet soa\workspaceProjetRest\ProjetSoaRest\pom.xml.
2025-12-29 09:46:04,693 [Worker-5: Building workspace] WARN  o.e.m.c.i.embedder.EclipseLogger - Using platform encoding (Cp1252 actually) to copy filtered resources, i.e. build is platform dependent!
2025-12-29 09:46:04,694 [Worker-5: Building workspace] INFO  o.e.m.c.i.embedder.EclipseLogger - skip non existing resourceDirectory C:\Users\MSI\Desktop\info\projet soa\workspaceProjetRest\ProjetSoaRest\src\main\resources
2025-12-29 09:46:04,695 [Worker-5: Building workspace] WARN  o.e.m.c.i.embedder.EclipseLogger - Using platform encoding (Cp1252 actually) to copy filtered resources, i.e. build is platform dependent!
2025-12-29 09:46:04,695 [Worker-5: Building workspace] INFO  o.e.m.c.i.embedder.EclipseLogger - skip non existing resourceDirectory C:\Users\MSI\Desktop\info\projet soa\workspaceProjetRest\ProjetSoaRest\src\test\resources
2025-12-29 09:46:04,695 [Worker-5: Building workspace] INFO  o.e.m.w.i.f.ResourceFilteringBuildParticipant - Changed resources require a complete clean of filtered resources of ProjetSoaRest
2025-12-29 09:46:04,695 [Worker-5: Building workspace] INFO  o.e.m.w.i.f.ResourceFilteringBuildParticipant - Executing resource filtering for ProjetSoaRest
2025-12-29 09:46:04,697 [Worker-5: Building workspace] WARN  o.e.m.c.i.embedder.EclipseLogger - Using platform encoding (Cp1252 actually) to copy filtered resources, i.e. build is platform dependent!
2025-12-29 09:46:05,939 [Worker-10: Building workspace] WARN  o.e.m.c.i.embedder.EclipseLogger - Using platform encoding (Cp1252 actually) to copy filtered resources, i.e. build is platform dependent!
2025-12-29 09:46:05,939 [Worker-10: Building workspace] INFO  o.e.m.c.i.embedder.EclipseLogger - skip non existing resourceDirectory C:\Users\MSI\Desktop\info\projet soa\workspaceProjetRest\ProjetSoaRest\src\main\resources
2025-12-29 09:46:05,940 [Worker-10: Building workspace] WARN  o.e.m.c.i.embedder.EclipseLogger - Using platform encoding (Cp1252 actually) to copy filtered resources, i.e. build is platform dependent!
2025-12-29 09:46:05,940 [Worker-10: Building workspace] INFO  o.e.m.c.i.embedder.EclipseLogger - skip non existing resourceDirectory C:\Users\MSI\Desktop\info\projet soa\workspaceProjetRest\ProjetSoaRest\src\test\resources
2025-12-29 09:48:40,044 [Worker-1: Loading available Gradle versions] INFO  c.g.t.t.d.PublishedGradleVersions - Gradle version information cache is up-to-date. Trying to read.
2025-12-29 09:48:41,799 [Worker-11: Building workspace] WARN  o.e.m.c.i.embedder.EclipseLogger - Using platform encoding (Cp1252 actually) to copy filtered resources, i.e. build is platform dependent!
2025-12-29 09:48:41,801 [Worker-11: Building workspace] INFO  o.e.m.c.i.embedder.EclipseLogger - skip non existing resourceDirectory C:\Users\MSI\Desktop\info\projet soa\workspaceProjetRest\ProjetSoaRest\src\main\resources
2025-12-29 09:48:41,802 [Worker-11: Building workspace] WARN  o.e.m.c.i.embedder.EclipseLogger - Using platform encoding (Cp1252 actually) to copy filtered resources, i.e. build is platform dependent!
2025-12-29 09:48:41,803 [Worker-11: Building workspace] INFO  o.e.m.c.i.embedder.EclipseLogger - skip non existing resourceDirectory C:\Users\MSI\Desktop\info\projet soa\workspaceProjetRest\ProjetSoaRest\src\test\resources
2025-12-29 10:07:47,392 [Worker-33: Building workspace] WARN  o.e.m.c.i.embedder.EclipseLogger - Using platform encoding (Cp1252 actually) to copy filtered resources, i.e. build is platform dependent!
2025-12-29 10:07:47,393 [Worker-33: Building workspace] INFO  o.e.m.c.i.embedder.EclipseLogger - skip non existing resourceDirectory C:\Users\MSI\Desktop\info\projet soa\workspaceProjetRest\ProjetSoaRest\src\main\resources
2025-12-29 10:07:47,394 [Worker-33: Building workspace] WARN  o.e.m.c.i.embedder.EclipseLogger - Using platform encoding (Cp1252 actually) to copy filtered resources, i.e. build is platform dependent!
2025-12-29 10:07:47,394 [Worker-33: Building workspace] INFO  o.e.m.c.i.embedder.EclipseLogger - skip non existing resourceDirectory C:\Users\MSI\Desktop\info\projet soa\workspaceProjetRest\ProjetSoaRest\src\test\resources
2025-12-29 10:10:10,482 [Worker-33: Cleaning all projects] INFO  o.e.m.w.i.f.ResourceFilteringBuildParticipant - Cleaning filtered folder for ProjetSoaRest
2025-12-29 10:10:10,840 [Worker-37: Building workspace] WARN  o.e.m.c.i.embedder.EclipseLogger - Using platform encoding (Cp1252 actually) to copy filtered resources, i.e. build is platform dependent!
2025-12-29 10:10:10,841 [Worker-37: Building workspace] INFO  o.e.m.c.i.embedder.EclipseLogger - skip non existing resourceDirectory C:\Users\MSI\Desktop\info\projet soa\workspaceProjetRest\ProjetSoaRest\src\main\resources
2025-12-29 10:10:10,841 [Worker-37: Building workspace] WARN  o.e.m.c.i.embedder.EclipseLogger - Using platform encoding (Cp1252 actually) to copy filtered resources, i.e. build is platform dependent!
2025-12-29 10:10:10,842 [Worker-37: Building workspace] INFO  o.e.m.c.i.embedder.EclipseLogger - skip non existing resourceDirectory C:\Users\MSI\Desktop\info\projet soa\workspaceProjetRest\ProjetSoaRest\src\test\resources
2025-12-29 10:10:10,842 [Worker-37: Building workspace] INFO  o.e.m.w.i.f.ResourceFilteringBuildParticipant - Changed resources require a complete clean of filtered resources of ProjetSoaRest
2025-12-29 10:10:10,843 [Worker-37: Building workspace] INFO  o.e.m.w.i.f.ResourceFilteringBuildParticipant - Executing resource filtering for ProjetSoaRest
2025-12-29 10:10:10,849 [Worker-37: Building workspace] WARN  o.e.m.c.i.embedder.EclipseLogger - The POM for org.apache.maven.plugins:maven-clean-plugin:jar:2.5 is missing, no dependency information available
2025-12-29 10:10:10,858 [Worker-37: Building workspace] WARN  o.e.m.c.i.embedder.EclipseLogger - Using platform encoding (Cp1252 actually) to copy filtered resources, i.e. build is platform dependent!
